{
  "0 debug pnpm:scope": {
    "selected": 1
  },
  "1 warn pnpm": {
    "message": "Unsupported engine: wanted: {\"node\":\">=16.0.0\"} (current: {\"node\":\"v14.16.0\",\"pnpm\":\"6.23.6\"})",
    "prefix": "/Users/bytedance/Documents/GitHub/duuk-server"
  },
  "2 error pnpm": {
    "code": "ELIFECYCLE",
    "errno": "ENOENT",
    "syscall": "spawn",
    "file": "sh",
    "pkgid": "@duke/backend@1.0.0",
    "stage": "dev",
    "script": "egg-bin dev --sticky",
    "pkgname": "@duke/backend",
    "err": {
      "name": "pnpm",
      "message": "@duke/backend@1.0.0 dev: `egg-bin dev --sticky`\nspawn ENOENT",
      "code": "ELIFECYCLE",
      "stack": "pnpm: @duke/backend@1.0.0 dev: `egg-bin dev --sticky`\nspawn ENOENT\n    at ChildProcess.<anonymous> (/Users/bytedance/.nvm/versions/node/v14.16.0/lib/node_modules/pnpm/dist/pnpm.cjs:91462:22)\n    at ChildProcess.emit (events.js:315:20)\n    at maybeClose (internal/child_process.js:1048:16)\n    at Process.ChildProcess._handle.onexit (internal/child_process.js:288:5)"
    }
  }
}